{"name": "test_add_to_compare", "status": "failed", "statusDetails": {"message": "AssertionError: assert False\n +  where False = <bound method Gear.watches_check_that_compare_clear of <pages.gear_page.Gear object at 0x00000289C0A4B6A0>>()\n +    where <bound method Gear.watches_check_that_compare_clear of <pages.gear_page.Gear object at 0x00000289C0A4B6A0>> = <pages.gear_page.Gear object at 0x00000289C0A4B6A0>.watches_check_that_compare_clear", "trace": "driver = <selenium.webdriver.chrome.webdriver.WebDriver (session=\"c586c414ee23e37b2ba92de805606441\")>\n\n    @allure.feature('Gear_page')\n    @pytest.mark.gear\n    def test_add_to_compare(driver):\n        watches = Gear(driver)\n        watches.open_gear_page()\n        watches.click_watches_button()\n        watches.click_sort_items()\n        watches.watches_add_to_compare()\n        watches.watches_clear_to_compare_click()\n>       assert watches.watches_check_that_compare_clear()\nE       assert False\nE        +  where False = <bound method Gear.watches_check_that_compare_clear of <pages.gear_page.Gear object at 0x00000289C0A4B6A0>>()\nE        +    where <bound method Gear.watches_check_that_compare_clear of <pages.gear_page.Gear object at 0x00000289C0A4B6A0>> = <pages.gear_page.Gear object at 0x00000289C0A4B6A0>.watches_check_that_compare_clear\n\ntests\\test_gear_page.py:40: AssertionError"}, "start": 1670879305695, "stop": 1670879315438, "uuid": "af45bc87-f62f-4a32-ac8e-8f2368520fff", "historyId": "be297341834bfea454f679a37855ea42", "testCaseId": "ed7b304501ce1b7e670bd4482d6d6f62", "fullName": "tests.test_gear_page#test_add_to_compare", "labels": [{"name": "feature", "value": "Gear_page"}, {"name": "tag", "value": "gear"}, {"name": "parentSuite", "value": "tests"}, {"name": "suite", "value": "test_gear_page"}, {"name": "host", "value": "LAPTOP-IVBD6KDU"}, {"name": "thread", "value": "29604-MainThread"}, {"name": "framework", "value": "pytest"}, {"name": "language", "value": "cpython3"}, {"name": "package", "value": "tests.test_gear_page"}]}