{"name": "test_bags_page", "status": "failed", "statusDetails": {"message": "AssertionError: assert False\n +  where False = <bound method Gear.check_cart of <pages.gear_page.Gear object at 0x00000289C0988A00>>()\n +    where <bound method Gear.check_cart of <pages.gear_page.Gear object at 0x00000289C0988A00>> = <pages.gear_page.Gear object at 0x00000289C0988A00>.check_cart", "trace": "driver = <selenium.webdriver.chrome.webdriver.WebDriver (session=\"7e8a9271e38adc5947f35fbfed796a9d\")>\n\n    @allure.feature('Gear_page')\n    @pytest.mark.gear\n    def test_bags_page(driver):\n        bags = Gear(driver)\n        bags.open_gear_page()\n        bags.click_button_bags()\n        bags.click_sort_items()\n        bags.click_shopping_options_details()\n        assert bags.check_that_items_on_page()\n        bags.products_add_to_cart()\n        bags.click_cart()\n>       assert bags.check_cart()\nE       assert False\nE        +  where False = <bound method Gear.check_cart of <pages.gear_page.Gear object at 0x00000289C0988A00>>()\nE        +    where <bound method Gear.check_cart of <pages.gear_page.Gear object at 0x00000289C0988A00>> = <pages.gear_page.Gear object at 0x00000289C0988A00>.check_cart\n\ntests\\test_gear_page.py:17: AssertionError"}, "start": 1670879229074, "stop": 1670879240812, "uuid": "6fd2c8b6-e0b0-4f00-afd4-b46218611a06", "historyId": "4a1cd89bee397a3d6dd76130c6c1c983", "testCaseId": "7a04a91c3a315506b9f003a31fa9bfc3", "fullName": "tests.test_gear_page#test_bags_page", "labels": [{"name": "feature", "value": "Gear_page"}, {"name": "tag", "value": "gear"}, {"name": "parentSuite", "value": "tests"}, {"name": "suite", "value": "test_gear_page"}, {"name": "host", "value": "LAPTOP-IVBD6KDU"}, {"name": "thread", "value": "29604-MainThread"}, {"name": "framework", "value": "pytest"}, {"name": "language", "value": "cpython3"}, {"name": "package", "value": "tests.test_gear_page"}]}