{"name": "test_bags_page", "status": "failed", "statusDetails": {"message": "AssertionError: assert False\n +  where False = <bound method Gear.check_cart of <pages.gear_page.Gear object at 0x0000028D8454DD50>>()\n +    where <bound method Gear.check_cart of <pages.gear_page.Gear object at 0x0000028D8454DD50>> = <pages.gear_page.Gear object at 0x0000028D8454DD50>.check_cart", "trace": "driver = <selenium.webdriver.chrome.webdriver.WebDriver (session=\"8332adf591c2d60e689a9b30b64afb34\")>\n\n    @allure.feature('Gear_page')\n    @pytest.mark.gear\n    def test_bags_page(driver):\n        bags = Gear(driver)\n        bags.open_gear_page()\n        bags.click_button_bags()\n        bags.click_sort_items()\n        bags.click_shopping_options_details()\n        assert bags.check_that_items_on_page()\n        bags.products_add_to_cart()\n        # sleep(3)   #for demonstration\n        bags.click_cart()\n        # assert bags.cart_check()\n>       assert bags.check_cart()\nE       assert False\nE        +  where False = <bound method Gear.check_cart of <pages.gear_page.Gear object at 0x0000028D8454DD50>>()\nE        +    where <bound method Gear.check_cart of <pages.gear_page.Gear object at 0x0000028D8454DD50>> = <pages.gear_page.Gear object at 0x0000028D8454DD50>.check_cart\n\ntests\\test_gear_page.py:20: AssertionError"}, "start": 1670877409764, "stop": 1670877420805, "uuid": "ba33709e-4eca-4bd0-b92d-cb0d3bb4be91", "historyId": "4a1cd89bee397a3d6dd76130c6c1c983", "testCaseId": "7a04a91c3a315506b9f003a31fa9bfc3", "fullName": "tests.test_gear_page#test_bags_page", "labels": [{"name": "feature", "value": "Gear_page"}, {"name": "tag", "value": "gear"}, {"name": "parentSuite", "value": "tests"}, {"name": "suite", "value": "test_gear_page"}, {"name": "host", "value": "LAPTOP-IVBD6KDU"}, {"name": "thread", "value": "19128-MainThread"}, {"name": "framework", "value": "pytest"}, {"name": "language", "value": "cpython3"}, {"name": "package", "value": "tests.test_gear_page"}]}