{"name": "test_shipping_address", "status": "failed", "statusDetails": {"message": "AssertionError: assert False\n +  where False = <bound method Men.check_that_info_product of <pages.men_page.Men object at 0x000002A938791120>>()\n +    where <bound method Men.check_that_info_product of <pages.men_page.Men object at 0x000002A938791120>> = <pages.men_page.Men object at 0x000002A938791120>.check_that_info_product", "trace": "driver = <selenium.webdriver.chrome.webdriver.WebDriver (session=\"47f6e8b72af918a2cc1cc321cf0f2296\")>\n\n    @allure.feature('Men')\n    @pytest.mark.men\n    def test_shipping_address(driver):\n        men = Men(driver)\n        men.open_shipping_page()\n>       assert men.check_that_info_product()\nE       assert False\nE        +  where False = <bound method Men.check_that_info_product of <pages.men_page.Men object at 0x000002A938791120>>()\nE        +    where <bound method Men.check_that_info_product of <pages.men_page.Men object at 0x000002A938791120>> = <pages.men_page.Men object at 0x000002A938791120>.check_that_info_product\n\ntests\\test_men_page.py:43: AssertionError"}, "start": 1670881906396, "stop": 1670881909789, "uuid": "42f62aaf-4131-42d5-9785-c02303748430", "historyId": "25944af83bf8d0c07c0876ee84b6cd42", "testCaseId": "997960113e40756c5c82b5fd12025a76", "fullName": "tests.test_men_page#test_shipping_address", "labels": [{"name": "feature", "value": "Men"}, {"name": "tag", "value": "men"}, {"name": "parentSuite", "value": "tests"}, {"name": "suite", "value": "test_men_page"}, {"name": "host", "value": "LAPTOP-IVBD6KDU"}, {"name": "thread", "value": "8820-MainThread"}, {"name": "framework", "value": "pytest"}, {"name": "language", "value": "cpython3"}, {"name": "package", "value": "tests.test_men_page"}]}